[01:20:58] [Netty Local Client IO #0/INFO]: Disconnecting from /127.0.0.1:54418 with reason DISCONNECT
[01:20:58] [Render thread/INFO]: Finalizing world map session...
[01:20:58] [Server thread/INFO]: Kroniks53 lost connection: Отключение
[01:20:58] [Server thread/INFO]: Kroniks53 покинул игру
[01:20:58] [Thread-17/INFO]: World map force-cleaned!
[01:20:58] [Netty Local Client IO #0/INFO]: Device OpenAL Soft on Микрофон (USB Audio Device) closed
[01:20:58] [Voice Audio Capture/INFO]: Device OpenAL Soft on Микрофон (USB Audio Device) closed
[01:20:58] [Server thread/INFO]: Stopping singleplayer server as player logged out
[01:20:58] [Al Output Device OpenAL Soft on Динамики (USB Audio Device)/INFO]: Device OpenAL Soft on Динамики (USB Audio Device) closed
[01:20:58] [Render thread/INFO]: World map session finalized.
[01:20:58] [Render thread/INFO]: [FastQuit] Disconnected "Новый мир" from the client.
[01:20:58] [Render thread/INFO]: Stopping worker threads
[01:20:58] [Render thread/INFO]: emissive suffixes loaded: {_e}.
[01:20:58] [Server thread/INFO]: UDP server is stopped
[01:20:58] [Server thread/INFO]: Stopping server
[01:20:58] [Server thread/INFO]: Saving players
[01:20:58] [Server thread/INFO]: Saving worlds
[01:20:58] [Server thread/INFO]: Saving chunks for level 'ServerLevel[Новый мир]'/minecraft:overworld
[01:20:58] [Server thread/INFO]: Saving chunks for level 'ServerLevel[Новый мир]'/minecraft:the_end
[01:20:58] [Server thread/INFO]: Saving chunks for level 'ServerLevel[Новый мир]'/minecraft:the_nether
[01:20:58] [Server thread/INFO]: ThreadedAnvilChunkStorage (Новый мир (5)): All chunks are saved
[01:20:58] [Server thread/INFO]: ThreadedAnvilChunkStorage (DIM1): All chunks are saved
[01:20:58] [Server thread/INFO]: ThreadedAnvilChunkStorage (DIM-1): All chunks are saved
[01:20:58] [Server thread/INFO]: ThreadedAnvilChunkStorage: All dimensions are saved
[01:20:58] [Server thread/INFO]: closing rrp ebe:base_resources
[01:20:58] [Server thread/INFO]: [FastQuit] Мир "Новый мир" успешно сохранён.
[01:21:00] [Render thread/INFO]: Stopping!
[01:21:00] [Render thread/INFO]: Shutting down
[01:21:00] [Render thread/INFO]: emissive suffixes loaded: {_e}.
[01:21:00] [Render thread/INFO]: [FastQuit] Exiting FastQuit.
[01:21:00] [Render thread/INFO]: closing rrp ebe:base_resources
